# JRE version: OpenJDK Runtime Environment Temurin-26.0.1+8 (26.0.1+8) (build 26.0.1+8)
# Java VM: OpenJDK 64-Bit Server VM Temurin-26.0.1+8 (26.0.1+8, mixed mode, sharing, tiered, compressed oops, compressed class ptrs, g1 gc, windows-amd64)
GC Precious Log:
 CardTable entry size: 512
 Card Set container configuration: InlinePtr #cards 5 size 8 Array Of Cards #cards 10 size 36 Howl #buckets 4 coarsen threshold 1843 Howl Bitmap #cards 512 size 80 coarsen threshold 460 Card regions per heap region 1 cards per card region 2048
 CPUs: 8 total, 8 available
 Memory: 6030M
 Large Page Support: Disabled
 NUMA Support: Disabled
 Compressed Oops: Enabled (32-bit)
 Heap Region Size: 1M
 Heap Min Capacity: 8M
 Heap Initial Capacity: 8M
 Heap Max Capacity: 1508M
 Pre-touch: Disabled
 Parallel Workers: 8
 Concurrent Workers: 2
 Concurrent Refinement Workers: 8
 Periodic GC: Disabled
Heap:
 garbage-first heap   total reserved 1544192K, committed 101376K, used 44318K [0x00000000a1c00000, 0x0000000100000000)
  region size 1M, 1 eden (1M), 4 survivor (4M), 35 old (35M), 5 humongous (5M), 54 free (54M)
GC Heap Usage History (20 events):
Event: 4.254 {heap Before GC invocations=24 (full 0):
 garbage-first heap   total reserved 1544192K, committed 28672K, used 21717K [0x00000000a1c00000, 0x0000000100000000)
  region size 1M, 12 eden (12M), 1 survivor (1M), 10 old (10M), 0 humongous (0M), 5 free (5M)
}
Event: 4.258 {heap After GC invocations=25 (full 0):
 garbage-first heap   total reserved 1544192K, committed 28672K, used 11634K [0x00000000a1c00000, 0x0000000100000000)
  region size 1M, 0 eden (0M), 2 survivor (2M), 10 old (10M), 0 humongous (0M), 16 free (16M)
}
Event: 4.479 {heap Before GC invocations=25 (full 0):
 garbage-first heap   total reserved 1544192K, committed 28672K, used 21874K [0x00000000a1c00000, 0x0000000100000000)
  region size 1M, 10 eden (10M), 2 survivor (2M), 10 old (10M), 0 humongous (0M), 6 free (6M)
}
Event: 4.491 {heap After GC invocations=26 (full 0):
 garbage-first heap   total reserved 1544192K, committed 28672K, used 13384K [0x00000000a1c00000, 0x0000000100000000)
  region size 1M, 0 eden (0M), 2 survivor (2M), 12 old (12M), 0 humongous (0M), 14 free (14M)
}
Event: 4.679 {heap Before GC invocations=26 (full 0):
 garbage-first heap   total reserved 1544192K, committed 28672K, used 21576K [0x00000000a1c00000, 0x0000000100000000)
  region size 1M, 9 eden (9M), 2 survivor (2M), 12 old (12M), 0 humongous (0M), 5 free (5M)
}
Event: 4.685 {heap After GC invocations=27 (full 0):
 garbage-first heap   total reserved 1544192K, committed 28672K, used 15161K [0x00000000a1c00000, 0x0000000100000000)
  region size 1M, 0 eden (0M), 2 survivor (2M), 13 old (13M), 0 humongous (0M), 13 free (13M)
}
Event: 4.884 {heap Before GC invocations=27 (full 0):
 garbage-first heap   total reserved 1544192K, committed 28672K, used 23353K [0x00000000a1c00000, 0x0000000100000000)
  region size 1M, 8 eden (8M), 2 survivor (2M), 13 old (13M), 0 humongous (0M), 5 free (5M)
}
Event: 4.889 {heap After GC invocations=28 (full 0):
 garbage-first heap   total reserved 1544192K, committed 86016K, used 16108K [0x00000000a1c00000, 0x0000000100000000)
  region size 1M, 0 eden (0M), 1 survivor (1M), 15 old (15M), 0 humongous (0M), 68 free (68M)
}
Event: 5.890 {heap Before GC invocations=28 (full 0):
 garbage-first heap   total reserved 1544192K, committed 86016K, used 62188K [0x00000000a1c00000, 0x0000000100000000)
  region size 1M, 46 eden (46M), 1 survivor (1M), 15 old (15M), 0 humongous (0M), 22 free (22M)
}
Event: 5.896 {heap After GC invocations=29 (full 0):
 garbage-first heap   total reserved 1544192K, committed 86016K, used 18249K [0x00000000a1c00000, 0x0000000100000000)
  region size 1M, 0 eden (0M), 3 survivor (3M), 15 old (15M), 0 humongous (0M), 66 free (66M)
}
Event: 6.959 {heap Before GC invocations=29 (full 0):
 garbage-first heap   total reserved 1544192K, committed 86016K, used 65353K [0x00000000a1c00000, 0x0000000100000000)
  region size 1M, 46 eden (46M), 3 survivor (3M), 15 old (15M), 0 humongous (0M), 20 free (20M)
}
Event: 6.967 {heap After GC invocations=30 (full 0):
 garbage-first heap   total reserved 1544192K, committed 86016K, used 20783K [0x00000000a1c00000, 0x0000000100000000)
  region size 1M, 0 eden (0M), 6 survivor (6M), 15 old (15M), 0 humongous (0M), 63 free (63M)
}
Event: 8.377 {heap Before GC invocations=30 (full 0):
 garbage-first heap   total reserved 1544192K, committed 86016K, used 64815K [0x00000000a1c00000, 0x0000000100000000)
  region size 1M, 38 eden (38M), 6 survivor (6M), 15 old (15M), 6 humongous (6M), 19 free (19M)
}
Event: 8.404 {heap After GC invocations=31 (full 0):
 garbage-first heap   total reserved 1544192K, committed 86016K, used 30349K [0x00000000a1c00000, 0x0000000100000000)
  region size 1M, 0 eden (0M), 7 survivor (7M), 19 old (19M), 4 humongous (4M), 54 free (54M)
}
Event: 9.395 {heap Before GC invocations=32 (full 0):
 garbage-first heap   total reserved 1544192K, committed 86016K, used 74381K [0x00000000a1c00000, 0x0000000100000000)
  region size 1M, 40 eden (40M), 7 survivor (7M), 19 old (19M), 7 humongous (7M), 11 free (11M)
}
Event: 9.421 {heap After GC invocations=33 (full 0):
 garbage-first heap   total reserved 1544192K, committed 95232K, used 46080K [0x00000000a1c00000, 0x0000000100000000)
  region size 1M, 0 eden (0M), 6 survivor (6M), 33 old (33M), 6 humongous (6M), 48 free (48M)
}
Event: 11.596 {heap Before GC invocations=33 (full 0):
 garbage-first heap   total reserved 1544192K, committed 95232K, used 95232K [0x00000000a1c00000, 0x0000000100000000)
  region size 1M, 16 eden (16M), 6 survivor (6M), 33 old (33M), 38 humongous (38M), 0 free (0M)
}
Event: 11.610 {heap After GC invocations=34 (full 0):
 garbage-first heap   total reserved 1544192K, committed 101376K, used 43008K [0x00000000a1c00000, 0x0000000100000000)
  region size 1M, 0 eden (0M), 3 survivor (3M), 35 old (35M), 5 humongous (5M), 56 free (56M)
}
Event: 13.194 {heap Before GC invocations=34 (full 0):
 garbage-first heap   total reserved 1544192K, committed 101376K, used 82944K [0x00000000a1c00000, 0x0000000100000000)
  region size 1M, 37 eden (37M), 3 survivor (3M), 35 old (35M), 7 humongous (7M), 17 free (17M)
}
Event: 13.204 {heap After GC invocations=35 (full 0):
 garbage-first heap   total reserved 1544192K, committed 101376K, used 44318K [0x00000000a1c00000, 0x0000000100000000)
  region size 1M, 0 eden (0M), 4 survivor (4M), 35 old (35M), 5 humongous (5M), 55 free (55M)
}

