# JRE version: OpenJDK Runtime Environment Temurin-26.0.1+8 (26.0.1+8) (build 26.0.1+8)
# Java VM: OpenJDK 64-Bit Server VM Temurin-26.0.1+8 (26.0.1+8, mixed mode, emulated-client, tiered, compressed oops, compressed class ptrs, g1 gc, windows-amd64)
GC Precious Log:
 CardTable entry size: 512
 Card Set container configuration: InlinePtr #cards 5 size 8 Array Of Cards #cards 10 size 36 Howl #buckets 4 coarsen threshold 1843 Howl Bitmap #cards 512 size 80 coarsen threshold 460 Card regions per heap region 1 cards per card region 2048
 CPUs: 8 total, 8 available
 Memory: 6030M
 Large Page Support: Disabled
 NUMA Support: Disabled
 Compressed Oops: Enabled (32-bit)
 Heap Region Size: 1M
 Heap Min Capacity: 8M
 Heap Initial Capacity: 8M
 Heap Max Capacity: 1508M
 Pre-touch: Disabled
 Parallel Workers: 8
 Concurrent Workers: 2
 Concurrent Refinement Workers: 8
 Periodic GC: Disabled
Heap:
 garbage-first heap   total reserved 1544192K, committed 14336K, used 7497K [0x00000000a1c00000, 0x0000000100000000)
  region size 1M, 0 eden (0M), 1 survivor (1M), 7 old (7M), 1 humongous (1M), 5 free (5M)
GC Heap Usage History (19 events):
Event: 2.197 {heap Before GC invocations=0 (full 0):
 garbage-first heap   total reserved 1544192K, committed 8192K, used 5120K [0x00000000a1c00000, 0x0000000100000000)
  region size 1M, 4 eden (4M), 0 survivor (0M), 0 old (0M), 2 humongous (2M), 2 free (2M)
}
Event: 2.203 {heap After GC invocations=1 (full 0):
 garbage-first heap   total reserved 1544192K, committed 9216K, used 3410K [0x00000000a1c00000, 0x0000000100000000)
  region size 1M, 0 eden (0M), 1 survivor (1M), 2 old (2M), 1 humongous (1M), 5 free (5M)
}
Event: 2.276 {heap Before GC invocations=1 (full 0):
 garbage-first heap   total reserved 1544192K, committed 9216K, used 4434K [0x00000000a1c00000, 0x0000000100000000)
  region size 1M, 1 eden (1M), 1 survivor (1M), 2 old (2M), 1 humongous (1M), 4 free (4M)
}
Event: 2.278 {heap After GC invocations=2 (full 0):
 garbage-first heap   total reserved 1544192K, committed 9216K, used 4333K [0x00000000a1c00000, 0x0000000100000000)
  region size 1M, 0 eden (0M), 1 survivor (1M), 3 old (3M), 1 humongous (1M), 4 free (4M)
}
Event: 2.345 {heap Before GC invocations=2 (full 0):
 garbage-first heap   total reserved 1544192K, committed 9216K, used 4333K [0x00000000a1c00000, 0x0000000100000000)
  region size 1M, 1 eden (1M), 1 survivor (1M), 3 old (3M), 1 humongous (1M), 3 free (3M)
}
Event: 2.346 {heap After GC invocations=3 (full 0):
 garbage-first heap   total reserved 1544192K, committed 9216K, used 4972K [0x00000000a1c00000, 0x0000000100000000)
  region size 1M, 0 eden (0M), 1 survivor (1M), 4 old (4M), 1 humongous (1M), 3 free (3M)
}
Event: 2.378 {heap Before GC invocations=3 (full 0):
 garbage-first heap   total reserved 1544192K, committed 9216K, used 4972K [0x00000000a1c00000, 0x0000000100000000)
  region size 1M, 1 eden (1M), 1 survivor (1M), 4 old (4M), 1 humongous (1M), 2 free (2M)
}
Event: 2.379 {heap After GC invocations=4 (full 0):
 garbage-first heap   total reserved 1544192K, committed 9216K, used 5627K [0x00000000a1c00000, 0x0000000100000000)
  region size 1M, 0 eden (0M), 1 survivor (1M), 4 old (4M), 1 humongous (1M), 3 free (3M)
}
Event: 2.415 {heap Before GC invocations=5 (full 0):
 garbage-first heap   total reserved 1544192K, committed 9216K, used 6651K [0x00000000a1c00000, 0x0000000100000000)
  region size 1M, 1 eden (1M), 1 survivor (1M), 4 old (4M), 1 humongous (1M), 2 free (2M)
}
Event: 3.415 {heap After GC invocations=6 (full 0):
 garbage-first heap   total reserved 1544192K, committed 14336K, used 6384K [0x00000000a1c00000, 0x0000000100000000)
  region size 1M, 0 eden (0M), 1 survivor (1M), 5 old (5M), 1 humongous (1M), 7 free (7M)
}
Event: 3.504 {heap Before GC invocations=6 (full 0):
 garbage-first heap   total reserved 1544192K, committed 14336K, used 7408K [0x00000000a1c00000, 0x0000000100000000)
  region size 1M, 1 eden (1M), 1 survivor (1M), 5 old (5M), 1 humongous (1M), 6 free (6M)
}
Event: 3.505 {heap After GC invocations=7 (full 0):
 garbage-first heap   total reserved 1544192K, committed 14336K, used 6650K [0x00000000a1c00000, 0x0000000100000000)
  region size 1M, 0 eden (0M), 1 survivor (1M), 6 old (6M), 1 humongous (1M), 6 free (6M)
}
Event: 3.575 {heap Before GC invocations=7 (full 0):
 garbage-first heap   total reserved 1544192K, committed 14336K, used 7674K [0x00000000a1c00000, 0x0000000100000000)
  region size 1M, 1 eden (1M), 1 survivor (1M), 6 old (6M), 1 humongous (1M), 5 free (5M)
}
Event: 3.576 {heap After GC invocations=8 (full 0):
 garbage-first heap   total reserved 1544192K, committed 14336K, used 6763K [0x00000000a1c00000, 0x0000000100000000)
  region size 1M, 0 eden (0M), 1 survivor (1M), 6 old (6M), 1 humongous (1M), 6 free (6M)
}
Event: 3.627 {heap Before GC invocations=8 (full 0):
 garbage-first heap   total reserved 1544192K, committed 14336K, used 7787K [0x00000000a1c00000, 0x0000000100000000)
  region size 1M, 1 eden (1M), 1 survivor (1M), 6 old (6M), 1 humongous (1M), 5 free (5M)
}
Event: 3.628 {heap After GC invocations=9 (full 0):
 garbage-first heap   total reserved 1544192K, committed 14336K, used 7310K [0x00000000a1c00000, 0x0000000100000000)
  region size 1M, 0 eden (0M), 1 survivor (1M), 6 old (6M), 1 humongous (1M), 6 free (6M)
}
Event: 3.670 {heap Before GC invocations=9 (full 0):
 garbage-first heap   total reserved 1544192K, committed 14336K, used 8334K [0x00000000a1c00000, 0x0000000100000000)
  region size 1M, 1 eden (1M), 1 survivor (1M), 6 old (6M), 1 humongous (1M), 5 free (5M)
}
Event: 3.671 {heap After GC invocations=10 (full 0):
 garbage-first heap   total reserved 1544192K, committed 14336K, used 7388K [0x00000000a1c00000, 0x0000000100000000)
  region size 1M, 0 eden (0M), 1 survivor (1M), 6 old (6M), 1 humongous (1M), 6 free (6M)
}
Event: 3.716 {heap Before GC invocations=10 (full 0):
 garbage-first heap   total reserved 1544192K, committed 14336K, used 8412K [0x00000000a1c00000, 0x0000000100000000)
  region size 1M, 1 eden (1M), 1 survivor (1M), 6 old (6M), 1 humongous (1M), 5 free (5M)
}

