# JRE version: OpenJDK Runtime Environment Temurin-21.0.11+10 (21.0.11+10) (build 21.0.11+10-LTS)
# Java VM: OpenJDK 64-Bit Server VM Temurin-21.0.11+10 (21.0.11+10-LTS, mixed mode, sharing, tiered, compressed oops, compressed class ptrs, parallel gc, windows-amd64)
GC Precious Log:
 CardTable entry size: 512
 CPUs: 8 total, 8 available
 Memory: 6030M
 Large Page Support: Disabled
 NUMA Support: Disabled
 Compressed Oops: Enabled (32-bit)
 Alignments: Space 512K, Generation 512K, Heap 2M
 Heap Min Capacity: 100M
 Heap Initial Capacity: 100M
 Heap Max Capacity: 2G
 Pre-touch: Disabled
 Parallel Workers: 8
Heap:
 PSYoungGen      total 7680K, used 3925K [0x00000000d5580000, 0x00000000d5f00000, 0x0000000100000000)
  eden space 5632K, 46% used [0x00000000d5580000,0x00000000d5807cc0,0x00000000d5b00000)
  from space 2048K, 65% used [0x00000000d5d00000,0x00000000d5e4d8f0,0x00000000d5f00000)
  to   space 2048K, 0% used [0x00000000d5b00000,0x00000000d5b00000,0x00000000d5d00000)
 ParOldGen       total 1382912K, used 1382579K [0x0000000080000000, 0x00000000d4680000, 0x00000000d5580000)
  object space 1382912K, 99% used [0x0000000080000000,0x00000000d462ce18,0x00000000d4680000)
 Metaspace       used 83899K, committed 85888K, reserved 1179648K
  class space    used 8395K, committed 9344K, reserved 1048576K
GC Heap History (20 events):
Event: 513.780 GC heap before
{Heap before GC invocations=3063 (full 4):
 PSYoungGen      total 5120K, used 5078K [0x00000000d5580000, 0x00000000d5e00000, 0x0000000100000000)
  eden space 4096K, 100% used [0x00000000d5580000,0x00000000d5980000,0x00000000d5980000)
  from space 1024K, 95% used [0x00000000d5d00000,0x00000000d5df58f0,0x00000000d5e00000)
  to   space 2048K, 0% used [0x00000000d5a00000,0x00000000d5a00000,0x00000000d5c00000)
 ParOldGen       total 1370112K, used 1369978K [0x0000000080000000, 0x00000000d3a00000, 0x00000000d5580000)
  object space 1370112K, 99% used [0x0000000080000000,0x00000000d39de940,0x00000000d3a00000)
 Metaspace       used 83898K, committed 85888K, reserved 1179648K
  class space    used 8395K, committed 9344K, reserved 1048576K
}
Event: 513.786 GC heap after
{Heap after GC invocations=3063 (full 4):
 PSYoungGen      total 6656K, used 256K [0x00000000d5580000, 0x00000000d5d80000, 0x0000000100000000)
  eden space 4608K, 0% used [0x00000000d5580000,0x00000000d5580000,0x00000000d5a00000)
  from space 2048K, 12% used [0x00000000d5a00000,0x00000000d5a40000,0x00000000d5c00000)
  to   space 1024K, 0% used [0x00000000d5c80000,0x00000000d5c80000,0x00000000d5d80000)
 ParOldGen       total 1370112K, used 1369986K [0x0000000080000000, 0x00000000d3a00000, 0x00000000d5580000)
  object space 1370112K, 99% used [0x0000000080000000,0x00000000d39e0940,0x00000000d3a00000)
 Metaspace       used 83898K, committed 85888K, reserved 1179648K
  class space    used 8395K, committed 9344K, reserved 1048576K
}
Event: 513.806 GC heap before
{Heap before GC invocations=3064 (full 4):
 PSYoungGen      total 6656K, used 4863K [0x00000000d5580000, 0x00000000d5d80000, 0x0000000100000000)
  eden space 4608K, 99% used [0x00000000d5580000,0x00000000d59fffc0,0x00000000d5a00000)
  from space 2048K, 12% used [0x00000000d5a00000,0x00000000d5a40000,0x00000000d5c00000)
  to   space 1024K, 0% used [0x00000000d5c80000,0x00000000d5c80000,0x00000000d5d80000)
 ParOldGen       total 1370112K, used 1369986K [0x0000000080000000, 0x00000000d3a00000, 0x00000000d5580000)
  object space 1370112K, 99% used [0x0000000080000000,0x00000000d39e0940,0x00000000d3a00000)
 Metaspace       used 83898K, committed 85888K, reserved 1179648K
  class space    used 8395K, committed 9344K, reserved 1048576K
}
Event: 513.818 GC heap after
{Heap after GC invocations=3064 (full 4):
 PSYoungGen      total 3072K, used 1003K [0x00000000d5580000, 0x00000000d6500000, 0x0000000100000000)
  eden space 2048K, 0% used [0x00000000d5580000,0x00000000d5580000,0x00000000d5780000)
  from space 1024K, 97% used [0x00000000d5c80000,0x00000000d5d7ac78,0x00000000d5d80000)
  to   space 5120K, 0% used [0x00000000d5780000,0x00000000d5780000,0x00000000d5c80000)
 ParOldGen       total 1373184K, used 1373079K [0x0000000080000000, 0x00000000d3d00000, 0x00000000d5580000)
  object space 1373184K, 99% used [0x0000000080000000,0x00000000d3ce5eb8,0x00000000d3d00000)
 Metaspace       used 83898K, committed 85888K, reserved 1179648K
  class space    used 8395K, committed 9344K, reserved 1048576K
}
Event: 513.836 GC heap before
{Heap before GC invocations=3065 (full 4):
 PSYoungGen      total 3072K, used 3051K [0x00000000d5580000, 0x00000000d6500000, 0x0000000100000000)
  eden space 2048K, 99% used [0x00000000d5580000,0x00000000d577ffc0,0x00000000d5780000)
  from space 1024K, 97% used [0x00000000d5c80000,0x00000000d5d7ac78,0x00000000d5d80000)
  to   space 5120K, 0% used [0x00000000d5780000,0x00000000d5780000,0x00000000d5c80000)
 ParOldGen       total 1373184K, used 1373079K [0x0000000080000000, 0x00000000d3d00000, 0x00000000d5580000)
  object space 1373184K, 99% used [0x0000000080000000,0x00000000d3ce5eb8,0x00000000d3d00000)
 Metaspace       used 83898K, committed 85888K, reserved 1179648K
  class space    used 8395K, committed 9344K, reserved 1048576K
}
Event: 513.845 GC heap after
{Heap after GC invocations=3065 (full 4):
 PSYoungGen      total 3072K, used 790K [0x00000000d5580000, 0x00000000d5d00000, 0x0000000100000000)
  eden space 2048K, 0% used [0x00000000d5580000,0x00000000d5580000,0x00000000d5780000)
  from space 1024K, 77% used [0x00000000d5780000,0x00000000d58458f0,0x00000000d5880000)
  to   space 2048K, 0% used [0x00000000d5b00000,0x00000000d5b00000,0x00000000d5d00000)
 ParOldGen       total 1373696K, used 1373679K [0x0000000080000000, 0x00000000d3d80000, 0x00000000d5580000)
  object space 1373696K, 99% used [0x0000000080000000,0x00000000d3d7beb8,0x00000000d3d80000)
 Metaspace       used 83898K, committed 85888K, reserved 1179648K
  class space    used 8395K, committed 9344K, reserved 1048576K
}
Event: 513.854 GC heap before
{Heap before GC invocations=3066 (full 4):
 PSYoungGen      total 3072K, used 2838K [0x00000000d5580000, 0x00000000d5d00000, 0x0000000100000000)
  eden space 2048K, 100% used [0x00000000d5580000,0x00000000d5780000,0x00000000d5780000)
  from space 1024K, 77% used [0x00000000d5780000,0x00000000d58458f0,0x00000000d5880000)
  to   space 2048K, 0% used [0x00000000d5b00000,0x00000000d5b00000,0x00000000d5d00000)
 ParOldGen       total 1373696K, used 1373679K [0x0000000080000000, 0x00000000d3d80000, 0x00000000d5580000)
  object space 1373696K, 99% used [0x0000000080000000,0x00000000d3d7beb8,0x00000000d3d80000)
 Metaspace       used 83898K, committed 85888K, reserved 1179648K
  class space    used 8395K, committed 9344K, reserved 1048576K
}
Event: 513.863 GC heap after
{Heap after GC invocations=3066 (full 4):
 PSYoungGen      total 4608K, used 2048K [0x00000000d5580000, 0x00000000d5d00000, 0x0000000100000000)
  eden space 2560K, 0% used [0x00000000d5580000,0x00000000d5580000,0x00000000d5800000)
  from space 2048K, 100% used [0x00000000d5b00000,0x00000000d5d00000,0x00000000d5d00000)
  to   space 2560K, 0% used [0x00000000d5800000,0x00000000d5800000,0x00000000d5a80000)
 ParOldGen       total 1374720K, used 1374381K [0x0000000080000000, 0x00000000d3e80000, 0x00000000d5580000)
  object space 1374720K, 99% used [0x0000000080000000,0x00000000d3e2b7a8,0x00000000d3e80000)
 Metaspace       used 83898K, committed 85888K, reserved 1179648K
  class space    used 8395K, committed 9344K, reserved 1048576K
}
Event: 513.877 GC heap before
{Heap before GC invocations=3067 (full 4):
 PSYoungGen      total 4608K, used 4608K [0x00000000d5580000, 0x00000000d5d00000, 0x0000000100000000)
  eden space 2560K, 100% used [0x00000000d5580000,0x00000000d5800000,0x00000000d5800000)
  from space 2048K, 100% used [0x00000000d5b00000,0x00000000d5d00000,0x00000000d5d00000)
  to   space 2560K, 0% used [0x00000000d5800000,0x00000000d5800000,0x00000000d5a80000)
 ParOldGen       total 1374720K, used 1374381K [0x0000000080000000, 0x00000000d3e80000, 0x00000000d5580000)
  object space 1374720K, 99% used [0x0000000080000000,0x00000000d3e2b7a8,0x00000000d3e80000)
 Metaspace       used 83898K, committed 85888K, reserved 1179648K
  class space    used 8395K, committed 9344K, reserved 1048576K
}
Event: 513.888 GC heap after
{Heap after GC invocations=3067 (full 4):
 PSYoungGen      total 5120K, used 1536K [0x00000000d5580000, 0x00000000d5c80000, 0x0000000100000000)
  eden space 2560K, 0% used [0x00000000d5580000,0x00000000d5580000,0x00000000d5800000)
  from space 2560K, 60% used [0x00000000d5800000,0x00000000d5980000,0x00000000d5a80000)
  to   space 2048K, 0% used [0x00000000d5a80000,0x00000000d5a80000,0x00000000d5c80000)
 ParOldGen       total 1376768K, used 1376365K [0x0000000080000000, 0x00000000d4080000, 0x00000000d5580000)
  object space 1376768K, 99% used [0x0000000080000000,0x00000000d401b7a8,0x00000000d4080000)
 Metaspace       used 83898K, committed 85888K, reserved 1179648K
  class space    used 8395K, committed 9344K, reserved 1048576K
}
Event: 513.899 GC heap before
{Heap before GC invocations=3068 (full 4):
 PSYoungGen      total 5120K, used 4096K [0x00000000d5580000, 0x00000000d5c80000, 0x0000000100000000)
  eden space 2560K, 100% used [0x00000000d5580000,0x00000000d5800000,0x00000000d5800000)
  from space 2560K, 60% used [0x00000000d5800000,0x00000000d5980000,0x00000000d5a80000)
  to   space 2048K, 0% used [0x00000000d5a80000,0x00000000d5a80000,0x00000000d5c80000)
 ParOldGen       total 1376768K, used 1376365K [0x0000000080000000, 0x00000000d4080000, 0x00000000d5580000)
  object space 1376768K, 99% used [0x0000000080000000,0x00000000d401b7a8,0x00000000d4080000)
 Metaspace       used 83898K, committed 85888K, reserved 1179648K
  class space    used 8395K, committed 9344K, reserved 1048576K
}
Event: 513.910 GC heap after
{Heap after GC invocations=3068 (full 4):
 PSYoungGen      total 5120K, used 1782K [0x00000000d5580000, 0x00000000d5c80000, 0x0000000100000000)
  eden space 3072K, 0% used [0x00000000d5580000,0x00000000d5580000,0x00000000d5880000)
  from space 2048K, 87% used [0x00000000d5a80000,0x00000000d5c3d8f0,0x00000000d5c80000)
  to   space 2048K, 0% used [0x00000000d5880000,0x00000000d5880000,0x00000000d5a80000)
 ParOldGen       total 1378304K, used 1377800K [0x0000000080000000, 0x00000000d4200000, 0x00000000d5580000)
  object space 1378304K, 99% used [0x0000000080000000,0x00000000d41820a8,0x00000000d4200000)
 Metaspace       used 83898K, committed 85888K, reserved 1179648K
  class space    used 8395K, committed 9344K, reserved 1048576K
}
Event: 513.937 GC heap before
{Heap before GC invocations=3069 (full 4):
 PSYoungGen      total 5120K, used 4854K [0x00000000d5580000, 0x00000000d5c80000, 0x0000000100000000)
  eden space 3072K, 100% used [0x00000000d5580000,0x00000000d5880000,0x00000000d5880000)
  from space 2048K, 87% used [0x00000000d5a80000,0x00000000d5c3d8f0,0x00000000d5c80000)
  to   space 2048K, 0% used [0x00000000d5880000,0x00000000d5880000,0x00000000d5a80000)
 ParOldGen       total 1378304K, used 1377800K [0x0000000080000000, 0x00000000d4200000, 0x00000000d5580000)
  object space 1378304K, 99% used [0x0000000080000000,0x00000000d41820a8,0x00000000d4200000)
 Metaspace       used 83898K, committed 85888K, reserved 1179648K
  class space    used 8395K, committed 9344K, reserved 1048576K
}
Event: 513.949 GC heap after
{Heap after GC invocations=3069 (full 4):
 PSYoungGen      total 5120K, used 2048K [0x00000000d5580000, 0x00000000d6380000, 0x0000000100000000)
  eden space 3072K, 0% used [0x00000000d5580000,0x00000000d5580000,0x00000000d5880000)
  from space 2048K, 100% used [0x00000000d5880000,0x00000000d5a80000,0x00000000d5a80000)
  to   space 5120K, 0% used [0x00000000d5e80000,0x00000000d5e80000,0x00000000d6380000)
 ParOldGen       total 1380352K, used 1380190K [0x0000000080000000, 0x00000000d4400000, 0x00000000d5580000)
  object space 1380352K, 99% used [0x0000000080000000,0x00000000d43d7998,0x00000000d4400000)
 Metaspace       used 83898K, committed 85888K, reserved 1179648K
  class space    used 8395K, committed 9344K, reserved 1048576K
}
Event: 513.972 GC heap before
{Heap before GC invocations=3070 (full 4):
 PSYoungGen      total 5120K, used 5120K [0x00000000d5580000, 0x00000000d6380000, 0x0000000100000000)
  eden space 3072K, 100% used [0x00000000d5580000,0x00000000d5880000,0x00000000d5880000)
  from space 2048K, 100% used [0x00000000d5880000,0x00000000d5a80000,0x00000000d5a80000)
  to   space 5120K, 0% used [0x00000000d5e80000,0x00000000d5e80000,0x00000000d6380000)
 ParOldGen       total 1380352K, used 1380190K [0x0000000080000000, 0x00000000d4400000, 0x00000000d5580000)
  object space 1380352K, 99% used [0x0000000080000000,0x00000000d43d7998,0x00000000d4400000)
 Metaspace       used 83898K, committed 85888K, reserved 1179648K
  class space    used 8395K, committed 9344K, reserved 1048576K
}
Event: 513.984 GC heap after
{Heap after GC invocations=3070 (full 4):
 PSYoungGen      total 6656K, used 2358K [0x00000000d5580000, 0x00000000d6100000, 0x0000000100000000)
  eden space 4096K, 0% used [0x00000000d5580000,0x00000000d5580000,0x00000000d5980000)
  from space 2560K, 92% used [0x00000000d5e80000,0x00000000d60cd8f0,0x00000000d6100000)
  to   space 3584K, 0% used [0x00000000d5a00000,0x00000000d5a00000,0x00000000d5d80000)
 ParOldGen       total 1382400K, used 1382166K [0x0000000080000000, 0x00000000d4600000, 0x00000000d5580000)
  object space 1382400K, 99% used [0x0000000080000000,0x00000000d45c5998,0x00000000d4600000)
 Metaspace       used 83898K, committed 85888K, reserved 1179648K
  class space    used 8395K, committed 9344K, reserved 1048576K
}
Event: 514.161 GC heap before
{Heap before GC invocations=3071 (full 4):
 PSYoungGen      total 6656K, used 6454K [0x00000000d5580000, 0x00000000d6100000, 0x0000000100000000)
  eden space 4096K, 99% used [0x00000000d5580000,0x00000000d597ffc0,0x00000000d5980000)
  from space 2560K, 92% used [0x00000000d5e80000,0x00000000d60cd8f0,0x00000000d6100000)
  to   space 3584K, 0% used [0x00000000d5a00000,0x00000000d5a00000,0x00000000d5d80000)
 ParOldGen       total 1382400K, used 1382166K [0x0000000080000000, 0x00000000d4600000, 0x00000000d5580000)
  object space 1382400K, 99% used [0x0000000080000000,0x00000000d45c5998,0x00000000d4600000)
 Metaspace       used 83898K, committed 85888K, reserved 1179648K
  class space    used 8395K, committed 9344K, reserved 1048576K
}
Event: 514.174 GC heap after
{Heap after GC invocations=3071 (full 4):
 PSYoungGen      total 6656K, used 1846K [0x00000000d5580000, 0x00000000d5f80000, 0x0000000100000000)
  eden space 4608K, 0% used [0x00000000d5580000,0x00000000d5580000,0x00000000d5a00000)
  from space 2048K, 90% used [0x00000000d5a00000,0x00000000d5bcd8f0,0x00000000d5c00000)
  to   space 2560K, 0% used [0x00000000d5d00000,0x00000000d5d00000,0x00000000d5f80000)
 ParOldGen       total 1382400K, used 1382198K [0x0000000080000000, 0x00000000d4600000, 0x00000000d5580000)
  object space 1382400K, 99% used [0x0000000080000000,0x00000000d45cd998,0x00000000d4600000)
 Metaspace       used 83898K, committed 85888K, reserved 1179648K
  class space    used 8395K, committed 9344K, reserved 1048576K
}
Event: 514.218 GC heap before
{Heap before GC invocations=3072 (full 4):
 PSYoungGen      total 6656K, used 6454K [0x00000000d5580000, 0x00000000d5f80000, 0x0000000100000000)
  eden space 4608K, 100% used [0x00000000d5580000,0x00000000d5a00000,0x00000000d5a00000)
  from space 2048K, 90% used [0x00000000d5a00000,0x00000000d5bcd8f0,0x00000000d5c00000)
  to   space 2560K, 0% used [0x00000000d5d00000,0x00000000d5d00000,0x00000000d5f80000)
 ParOldGen       total 1382400K, used 1382198K [0x0000000080000000, 0x00000000d4600000, 0x00000000d5580000)
  object space 1382400K, 99% used [0x0000000080000000,0x00000000d45cd998,0x00000000d4600000)
 Metaspace       used 83898K, committed 85888K, reserved 1179648K
  class space    used 8395K, committed 9344K, reserved 1048576K
}
Event: 514.240 GC heap after
{Heap after GC invocations=3072 (full 4):
 PSYoungGen      total 7680K, used 1334K [0x00000000d5580000, 0x00000000d5f00000, 0x0000000100000000)
  eden space 5632K, 0% used [0x00000000d5580000,0x00000000d5580000,0x00000000d5b00000)
  from space 2048K, 65% used [0x00000000d5d00000,0x00000000d5e4d8f0,0x00000000d5f00000)
  to   space 2048K, 0% used [0x00000000d5b00000,0x00000000d5b00000,0x00000000d5d00000)
 ParOldGen       total 1382912K, used 1382579K [0x0000000080000000, 0x00000000d4680000, 0x00000000d5580000)
  object space 1382912K, 99% used [0x0000000080000000,0x00000000d462ce18,0x00000000d4680000)
 Metaspace       used 83898K, committed 85888K, reserved 1179648K
  class space    used 8395K, committed 9344K, reserved 1048576K
}

