# JRE version: OpenJDK Runtime Environment Temurin-26.0.1+8 (26.0.1+8) (build 26.0.1+8)
# Java VM: OpenJDK 64-Bit Server VM Temurin-26.0.1+8 (26.0.1+8, mixed mode, sharing, tiered, compressed oops, compressed class ptrs, g1 gc, windows-amd64)
GC Precious Log:
 CardTable entry size: 512
 Card Set container configuration: InlinePtr #cards 5 size 8 Array Of Cards #cards 10 size 36 Howl #buckets 4 coarsen threshold 1843 Howl Bitmap #cards 512 size 80 coarsen threshold 460 Card regions per heap region 1 cards per card region 2048
 CPUs: 8 total, 8 available
 Memory: 6030M
 Large Page Support: Disabled
 NUMA Support: Disabled
 Compressed Oops: Enabled (32-bit)
 Heap Region Size: 1M
 Heap Min Capacity: 8M
 Heap Initial Capacity: 8M
 Heap Max Capacity: 1508M
 Pre-touch: Disabled
 Parallel Workers: 8
 Concurrent Workers: 2
 Concurrent Refinement Workers: 8
 Periodic GC: Disabled
Heap:
 garbage-first heap   total reserved 1544192K, committed 89088K, used 36490K [0x00000000a1c00000, 0x0000000100000000)
  region size 1M, 19 eden (19M), 1 survivor (1M), 18 old (18M), 0 humongous (0M), 49 free (49M)
GC Heap Usage History (20 events):
Event: 4.624 {heap Before GC invocations=21 (full 0):
 garbage-first heap   total reserved 1544192K, committed 28672K, used 23394K [0x00000000a1c00000, 0x0000000100000000)
  region size 1M, 13 eden (13M), 1 survivor (1M), 9 old (9M), 0 humongous (0M), 5 free (5M)
}
Event: 4.629 {heap After GC invocations=22 (full 0):
 garbage-first heap   total reserved 1544192K, committed 28672K, used 11786K [0x00000000a1c00000, 0x0000000100000000)
  region size 1M, 0 eden (0M), 2 survivor (2M), 10 old (10M), 0 humongous (0M), 16 free (16M)
}
Event: 4.878 {heap Before GC invocations=22 (full 0):
 garbage-first heap   total reserved 1544192K, committed 28672K, used 24074K [0x00000000a1c00000, 0x0000000100000000)
  region size 1M, 12 eden (12M), 2 survivor (2M), 10 old (10M), 0 humongous (0M), 4 free (4M)
}
Event: 4.892 {heap After GC invocations=23 (full 0):
 garbage-first heap   total reserved 1544192K, committed 29696K, used 13427K [0x00000000a1c00000, 0x0000000100000000)
  region size 1M, 0 eden (0M), 2 survivor (2M), 12 old (12M), 0 humongous (0M), 15 free (15M)
}
Event: 5.303 {heap Before GC invocations=23 (full 0):
 garbage-first heap   total reserved 1544192K, committed 29696K, used 23667K [0x00000000a1c00000, 0x0000000100000000)
  region size 1M, 11 eden (11M), 2 survivor (2M), 12 old (12M), 0 humongous (0M), 4 free (4M)
}
Event: 5.310 {heap After GC invocations=24 (full 0):
 garbage-first heap   total reserved 1544192K, committed 29696K, used 15248K [0x00000000a1c00000, 0x0000000100000000)
  region size 1M, 0 eden (0M), 2 survivor (2M), 13 old (13M), 0 humongous (0M), 14 free (14M)
}
Event: 5.639 {heap Before GC invocations=24 (full 0):
 garbage-first heap   total reserved 1544192K, committed 29696K, used 25488K [0x00000000a1c00000, 0x0000000100000000)
  region size 1M, 10 eden (10M), 2 survivor (2M), 13 old (13M), 0 humongous (0M), 4 free (4M)
}
Event: 5.643 {heap After GC invocations=25 (full 0):
 garbage-first heap   total reserved 1544192K, committed 29696K, used 15770K [0x00000000a1c00000, 0x0000000100000000)
  region size 1M, 0 eden (0M), 1 survivor (1M), 15 old (15M), 0 humongous (0M), 13 free (13M)
}
Event: 5.927 {heap Before GC invocations=25 (full 0):
 garbage-first heap   total reserved 1544192K, committed 29696K, used 24986K [0x00000000a1c00000, 0x0000000100000000)
  region size 1M, 9 eden (9M), 1 survivor (1M), 15 old (15M), 0 humongous (0M), 4 free (4M)
}
Event: 5.931 {heap After GC invocations=26 (full 0):
 garbage-first heap   total reserved 1544192K, committed 29696K, used 15892K [0x00000000a1c00000, 0x0000000100000000)
  region size 1M, 0 eden (0M), 1 survivor (1M), 15 old (15M), 0 humongous (0M), 13 free (13M)
}
Event: 6.284 {heap Before GC invocations=27 (full 0):
 garbage-first heap   total reserved 1544192K, committed 29696K, used 26132K [0x00000000a1c00000, 0x0000000100000000)
  region size 1M, 10 eden (10M), 1 survivor (1M), 15 old (15M), 0 humongous (0M), 3 free (3M)
}
Event: 6.286 {heap After GC invocations=28 (full 0):
 garbage-first heap   total reserved 1544192K, committed 29696K, used 16170K [0x00000000a1c00000, 0x0000000100000000)
  region size 1M, 0 eden (0M), 2 survivor (2M), 15 old (15M), 0 humongous (0M), 12 free (12M)
}
Event: 6.644 {heap Before GC invocations=28 (full 0):
 garbage-first heap   total reserved 1544192K, committed 29696K, used 25386K [0x00000000a1c00000, 0x0000000100000000)
  region size 1M, 9 eden (9M), 2 survivor (2M), 15 old (15M), 0 humongous (0M), 3 free (3M)
}
Event: 6.655 {heap After GC invocations=29 (full 0):
 garbage-first heap   total reserved 1544192K, committed 29696K, used 17178K [0x00000000a1c00000, 0x0000000100000000)
  region size 1M, 0 eden (0M), 2 survivor (2M), 15 old (15M), 0 humongous (0M), 12 free (12M)
}
Event: 7.111 {heap Before GC invocations=29 (full 0):
 garbage-first heap   total reserved 1544192K, committed 29696K, used 26394K [0x00000000a1c00000, 0x0000000100000000)
  region size 1M, 9 eden (9M), 2 survivor (2M), 15 old (15M), 0 humongous (0M), 3 free (3M)
}
Event: 7.117 {heap After GC invocations=30 (full 0):
 garbage-first heap   total reserved 1544192K, committed 29696K, used 17246K [0x00000000a1c00000, 0x0000000100000000)
  region size 1M, 0 eden (0M), 1 survivor (1M), 17 old (17M), 0 humongous (0M), 11 free (11M)
}
Event: 7.454 {heap Before GC invocations=31 (full 0):
 garbage-first heap   total reserved 1544192K, committed 29696K, used 25438K [0x00000000a1c00000, 0x0000000100000000)
  region size 1M, 8 eden (8M), 1 survivor (1M), 17 old (17M), 0 humongous (0M), 3 free (3M)
}
Event: 7.459 {heap After GC invocations=32 (full 0):
 garbage-first heap   total reserved 1544192K, committed 29696K, used 18205K [0x00000000a1c00000, 0x0000000100000000)
  region size 1M, 0 eden (0M), 2 survivor (2M), 17 old (17M), 0 humongous (0M), 10 free (10M)
}
Event: 7.679 {heap Before GC invocations=32 (full 0):
 garbage-first heap   total reserved 1544192K, committed 29696K, used 25373K [0x00000000a1c00000, 0x0000000100000000)
  region size 1M, 7 eden (7M), 2 survivor (2M), 17 old (17M), 0 humongous (0M), 3 free (3M)
}
Event: 7.688 {heap After GC invocations=33 (full 0):
 garbage-first heap   total reserved 1544192K, committed 89088K, used 18058K [0x00000000a1c00000, 0x0000000100000000)
  region size 1M, 0 eden (0M), 1 survivor (1M), 18 old (18M), 0 humongous (0M), 68 free (68M)
}

