# JRE version: OpenJDK Runtime Environment Temurin-26.0.1+8 (26.0.1+8) (build 26.0.1+8)
# Java VM: OpenJDK 64-Bit Server VM Temurin-26.0.1+8 (26.0.1+8, mixed mode, emulated-client, sharing, tiered, compressed oops, compressed class ptrs, g1 gc, windows-amd64)
GC Precious Log:
 CardTable entry size: 512
 Card Set container configuration: InlinePtr #cards 5 size 8 Array Of Cards #cards 10 size 36 Howl #buckets 4 coarsen threshold 1843 Howl Bitmap #cards 512 size 80 coarsen threshold 460 Card regions per heap region 1 cards per card region 2048
 CPUs: 8 total, 8 available
 Memory: 6030M
 Large Page Support: Disabled
 NUMA Support: Disabled
 Compressed Oops: Enabled (32-bit)
 Heap Region Size: 1M
 Heap Min Capacity: 8M
 Heap Initial Capacity: 8M
 Heap Max Capacity: 1508M
 Pre-touch: Disabled
 Parallel Workers: 8
 Concurrent Workers: 2
 Concurrent Refinement Workers: 8
 Periodic GC: Disabled
Heap:
 garbage-first heap   total reserved 1544192K, committed 39936K, used 18760K [0x00000000a1c00000, 0x0000000100000000)
  region size 1M, 0 eden (0M), 2 survivor (2M), 15 old (15M), 2 humongous (2M), 20 free (20M)
GC Heap Usage History (20 events):
Event: 0.711 {heap After GC invocations=4 (full 0):
 garbage-first heap   total reserved 1544192K, committed 10240K, used 7242K [0x00000000a1c00000, 0x0000000100000000)
  region size 1M, 0 eden (0M), 1 survivor (1M), 5 old (5M), 2 humongous (2M), 2 free (2M)
}
Event: 0.730 {heap Before GC invocations=4 (full 0):
 garbage-first heap   total reserved 1544192K, committed 10240K, used 9290K [0x00000000a1c00000, 0x0000000100000000)
  region size 1M, 1 eden (1M), 1 survivor (1M), 5 old (5M), 3 humongous (3M), 0 free (0M)
}
Event: 0.732 {heap After GC invocations=5 (full 0):
 garbage-first heap   total reserved 1544192K, committed 13312K, used 7453K [0x00000000a1c00000, 0x0000000100000000)
  region size 1M, 0 eden (0M), 1 survivor (1M), 6 old (6M), 2 humongous (2M), 4 free (4M)
}
Event: 0.764 {heap Before GC invocations=5 (full 0):
 garbage-first heap   total reserved 1544192K, committed 13312K, used 7453K [0x00000000a1c00000, 0x0000000100000000)
  region size 1M, 1 eden (1M), 1 survivor (1M), 6 old (6M), 2 humongous (2M), 3 free (3M)
}
Event: 0.765 {heap After GC invocations=6 (full 0):
 garbage-first heap   total reserved 1544192K, committed 13312K, used 8124K [0x00000000a1c00000, 0x0000000100000000)
  region size 1M, 0 eden (0M), 1 survivor (1M), 6 old (6M), 2 humongous (2M), 4 free (4M)
}
Event: 0.797 {heap Before GC invocations=7 (full 0):
 garbage-first heap   total reserved 1544192K, committed 13312K, used 8124K [0x00000000a1c00000, 0x0000000100000000)
  region size 1M, 1 eden (1M), 1 survivor (1M), 6 old (6M), 2 humongous (2M), 3 free (3M)
}
Event: 0.799 {heap After GC invocations=8 (full 0):
 garbage-first heap   total reserved 1544192K, committed 39936K, used 8920K [0x00000000a1c00000, 0x0000000100000000)
  region size 1M, 0 eden (0M), 1 survivor (1M), 6 old (6M), 2 humongous (2M), 30 free (30M)
}
Event: 1.382 {heap Before GC invocations=8 (full 0):
 garbage-first heap   total reserved 1544192K, committed 39936K, used 19160K [0x00000000a1c00000, 0x0000000100000000)
  region size 1M, 11 eden (11M), 1 survivor (1M), 6 old (6M), 2 humongous (2M), 19 free (19M)
}
Event: 1.386 {heap After GC invocations=9 (full 0):
 garbage-first heap   total reserved 1544192K, committed 39936K, used 10254K [0x00000000a1c00000, 0x0000000100000000)
  region size 1M, 0 eden (0M), 2 survivor (2M), 7 old (7M), 2 humongous (2M), 28 free (28M)
}
Event: 1.716 {heap Before GC invocations=9 (full 0):
 garbage-first heap   total reserved 1544192K, committed 39936K, used 19470K [0x00000000a1c00000, 0x0000000100000000)
  region size 1M, 9 eden (9M), 2 survivor (2M), 7 old (7M), 2 humongous (2M), 19 free (19M)
}
Event: 1.722 {heap After GC invocations=10 (full 0):
 garbage-first heap   total reserved 1544192K, committed 39936K, used 11201K [0x00000000a1c00000, 0x0000000100000000)
  region size 1M, 0 eden (0M), 1 survivor (1M), 9 old (9M), 2 humongous (2M), 27 free (27M)
}
Event: 2.121 {heap Before GC invocations=10 (full 0):
 garbage-first heap   total reserved 1544192K, committed 39936K, used 21441K [0x00000000a1c00000, 0x0000000100000000)
  region size 1M, 11 eden (11M), 1 survivor (1M), 9 old (9M), 2 humongous (2M), 16 free (16M)
}
Event: 2.125 {heap After GC invocations=11 (full 0):
 garbage-first heap   total reserved 1544192K, committed 39936K, used 11869K [0x00000000a1c00000, 0x0000000100000000)
  region size 1M, 0 eden (0M), 2 survivor (2M), 9 old (9M), 2 humongous (2M), 26 free (26M)
}
Event: 2.366 {heap Before GC invocations=11 (full 0):
 garbage-first heap   total reserved 1544192K, committed 39936K, used 23133K [0x00000000a1c00000, 0x0000000100000000)
  region size 1M, 12 eden (12M), 2 survivor (2M), 9 old (9M), 2 humongous (2M), 14 free (14M)
}
Event: 2.372 {heap After GC invocations=12 (full 0):
 garbage-first heap   total reserved 1544192K, committed 39936K, used 13053K [0x00000000a1c00000, 0x0000000100000000)
  region size 1M, 0 eden (0M), 2 survivor (2M), 9 old (9M), 2 humongous (2M), 26 free (26M)
}
Event: 2.661 {heap Before GC invocations=12 (full 0):
 garbage-first heap   total reserved 1544192K, committed 39936K, used 27389K [0x00000000a1c00000, 0x0000000100000000)
  region size 1M, 15 eden (15M), 2 survivor (2M), 9 old (9M), 2 humongous (2M), 11 free (11M)
}
Event: 2.667 {heap After GC invocations=13 (full 0):
 garbage-first heap   total reserved 1544192K, committed 39936K, used 14478K [0x00000000a1c00000, 0x0000000100000000)
  region size 1M, 0 eden (0M), 3 survivor (3M), 10 old (10M), 2 humongous (2M), 24 free (24M)
}
Event: 3.078 {heap Before GC invocations=13 (full 0):
 garbage-first heap   total reserved 1544192K, committed 39936K, used 28814K [0x00000000a1c00000, 0x0000000100000000)
  region size 1M, 15 eden (15M), 3 survivor (3M), 10 old (10M), 2 humongous (2M), 9 free (9M)
}
Event: 3.090 {heap After GC invocations=14 (full 0):
 garbage-first heap   total reserved 1544192K, committed 39936K, used 16846K [0x00000000a1c00000, 0x0000000100000000)
  region size 1M, 0 eden (0M), 3 survivor (3M), 12 old (12M), 2 humongous (2M), 22 free (22M)
}
Event: 3.513 {heap Before GC invocations=14 (full 0):
 garbage-first heap   total reserved 1544192K, committed 39936K, used 30158K [0x00000000a1c00000, 0x0000000100000000)
  region size 1M, 13 eden (13M), 3 survivor (3M), 12 old (12M), 2 humongous (2M), 9 free (9M)
}

