# JRE version: OpenJDK Runtime Environment Temurin-26.0.1+8 (26.0.1+8) (build 26.0.1+8)
# Java VM: OpenJDK 64-Bit Server VM Temurin-26.0.1+8 (26.0.1+8, mixed mode, sharing, tiered, compressed oops, compressed class ptrs, g1 gc, windows-amd64)
GC Precious Log:
 CardTable entry size: 512
 Card Set container configuration: InlinePtr #cards 5 size 8 Array Of Cards #cards 10 size 36 Howl #buckets 4 coarsen threshold 1843 Howl Bitmap #cards 512 size 80 coarsen threshold 460 Card regions per heap region 1 cards per card region 2048
 CPUs: 8 total, 8 available
 Memory: 6030M
 Large Page Support: Disabled
 NUMA Support: Disabled
 Compressed Oops: Enabled (32-bit)
 Heap Region Size: 1M
 Heap Min Capacity: 8M
 Heap Initial Capacity: 8M
 Heap Max Capacity: 1508M
 Pre-touch: Disabled
 Parallel Workers: 8
 Concurrent Workers: 2
 Concurrent Refinement Workers: 8
 Periodic GC: Disabled
Heap:
 garbage-first heap   total reserved 1544192K, committed 64512K, used 22351K [0x00000000a1c00000, 0x0000000100000000)
  region size 1M, 10 eden (10M), 2 survivor (2M), 14 old (14M), 0 humongous (0M), 37 free (37M)
GC Heap Usage History (20 events):
Event: 1.948 {heap Before GC invocations=12 (full 0):
 garbage-first heap   total reserved 1544192K, committed 13312K, used 10159K [0x00000000a1c00000, 0x0000000100000000)
  region size 1M, 5 eden (5M), 1 survivor (1M), 5 old (5M), 0 humongous (0M), 2 free (2M)
}
Event: 1.950 {heap After GC invocations=13 (full 0):
 garbage-first heap   total reserved 1544192K, committed 18432K, used 5265K [0x00000000a1c00000, 0x0000000100000000)
  region size 1M, 0 eden (0M), 1 survivor (1M), 5 old (5M), 0 humongous (0M), 12 free (12M)
}
Event: 2.222 {heap Before GC invocations=13 (full 0):
 garbage-first heap   total reserved 1544192K, committed 18432K, used 14481K [0x00000000a1c00000, 0x0000000100000000)
  region size 1M, 9 eden (9M), 1 survivor (1M), 5 old (5M), 0 humongous (0M), 3 free (3M)
}
Event: 2.226 {heap After GC invocations=14 (full 0):
 garbage-first heap   total reserved 1544192K, committed 18432K, used 5954K [0x00000000a1c00000, 0x0000000100000000)
  region size 1M, 0 eden (0M), 2 survivor (2M), 5 old (5M), 0 humongous (0M), 11 free (11M)
}
Event: 2.510 {heap Before GC invocations=14 (full 0):
 garbage-first heap   total reserved 1544192K, committed 18432K, used 14146K [0x00000000a1c00000, 0x0000000100000000)
  region size 1M, 8 eden (8M), 2 survivor (2M), 5 old (5M), 0 humongous (0M), 3 free (3M)
}
Event: 2.515 {heap After GC invocations=15 (full 0):
 garbage-first heap   total reserved 1544192K, committed 18432K, used 6965K [0x00000000a1c00000, 0x0000000100000000)
  region size 1M, 0 eden (0M), 2 survivor (2M), 5 old (5M), 0 humongous (0M), 11 free (11M)
}
Event: 2.782 {heap Before GC invocations=15 (full 0):
 garbage-first heap   total reserved 1544192K, committed 18432K, used 15157K [0x00000000a1c00000, 0x0000000100000000)
  region size 1M, 8 eden (8M), 2 survivor (2M), 5 old (5M), 0 humongous (0M), 3 free (3M)
}
Event: 2.787 {heap After GC invocations=16 (full 0):
 garbage-first heap   total reserved 1544192K, committed 18432K, used 7759K [0x00000000a1c00000, 0x0000000100000000)
  region size 1M, 0 eden (0M), 2 survivor (2M), 6 old (6M), 0 humongous (0M), 10 free (10M)
}
Event: 3.134 {heap Before GC invocations=16 (full 0):
 garbage-first heap   total reserved 1544192K, committed 18432K, used 15951K [0x00000000a1c00000, 0x0000000100000000)
  region size 1M, 8 eden (8M), 2 survivor (2M), 6 old (6M), 0 humongous (0M), 2 free (2M)
}
Event: 3.141 {heap After GC invocations=17 (full 0):
 garbage-first heap   total reserved 1544192K, committed 19456K, used 8840K [0x00000000a1c00000, 0x0000000100000000)
  region size 1M, 0 eden (0M), 2 survivor (2M), 7 old (7M), 0 humongous (0M), 10 free (10M)
}
Event: 3.360 {heap Before GC invocations=17 (full 0):
 garbage-first heap   total reserved 1544192K, committed 19456K, used 14984K [0x00000000a1c00000, 0x0000000100000000)
  region size 1M, 7 eden (7M), 2 survivor (2M), 7 old (7M), 0 humongous (0M), 3 free (3M)
}
Event: 3.366 {heap After GC invocations=18 (full 0):
 garbage-first heap   total reserved 1544192K, committed 26624K, used 9904K [0x00000000a1c00000, 0x0000000100000000)
  region size 1M, 0 eden (0M), 2 survivor (2M), 8 old (8M), 0 humongous (0M), 16 free (16M)
}
Event: 3.640 {heap Before GC invocations=18 (full 0):
 garbage-first heap   total reserved 1544192K, committed 26624K, used 21168K [0x00000000a1c00000, 0x0000000100000000)
  region size 1M, 11 eden (11M), 2 survivor (2M), 8 old (8M), 0 humongous (0M), 5 free (5M)
}
Event: 3.646 {heap After GC invocations=19 (full 0):
 garbage-first heap   total reserved 1544192K, committed 26624K, used 11264K [0x00000000a1c00000, 0x0000000100000000)
  region size 1M, 0 eden (0M), 2 survivor (2M), 9 old (9M), 0 humongous (0M), 15 free (15M)
}
Event: 3.855 {heap Before GC invocations=19 (full 0):
 garbage-first heap   total reserved 1544192K, committed 26624K, used 21504K [0x00000000a1c00000, 0x0000000100000000)
  region size 1M, 10 eden (10M), 2 survivor (2M), 9 old (9M), 0 humongous (0M), 5 free (5M)
}
Event: 3.864 {heap After GC invocations=20 (full 0):
 garbage-first heap   total reserved 1544192K, committed 26624K, used 13043K [0x00000000a1c00000, 0x0000000100000000)
  region size 1M, 0 eden (0M), 2 survivor (2M), 11 old (11M), 0 humongous (0M), 13 free (13M)
}
Event: 4.107 {heap Before GC invocations=20 (full 0):
 garbage-first heap   total reserved 1544192K, committed 26624K, used 21235K [0x00000000a1c00000, 0x0000000100000000)
  region size 1M, 9 eden (9M), 2 survivor (2M), 11 old (11M), 0 humongous (0M), 4 free (4M)
}
Event: 4.113 {heap After GC invocations=21 (full 0):
 garbage-first heap   total reserved 1544192K, committed 26624K, used 14143K [0x00000000a1c00000, 0x0000000100000000)
  region size 1M, 0 eden (0M), 2 survivor (2M), 13 old (13M), 0 humongous (0M), 11 free (11M)
}
Event: 4.302 {heap Before GC invocations=21 (full 0):
 garbage-first heap   total reserved 1544192K, committed 26624K, used 22335K [0x00000000a1c00000, 0x0000000100000000)
  region size 1M, 8 eden (8M), 2 survivor (2M), 13 old (13M), 0 humongous (0M), 3 free (3M)
}
Event: 4.381 {heap After GC invocations=22 (full 0):
 garbage-first heap   total reserved 1544192K, committed 64512K, used 15183K [0x00000000a1c00000, 0x0000000100000000)
  region size 1M, 0 eden (0M), 2 survivor (2M), 14 old (14M), 0 humongous (0M), 47 free (47M)
}

